<?xml version="1.0" encoding="UTF-8"?>
<testng-results ignored="0" total="2" passed="2" failed="0" skipped="0">
  <reporter-output>
  </reporter-output>
  <suite started-at="2024-01-07T12:12:35 IST" name="Suite" finished-at="2024-01-07T12:12:45 IST" duration-ms="9840">
    <groups>
    </groups>
    <test started-at="2024-01-07T12:12:35 IST" name="Test" finished-at="2024-01-07T12:12:45 IST" duration-ms="9840">
      <class name="Maven_Scripts.Dropdown_Options">
        <test-method is-config="true" signature="launch_browser()[pri:0, instance:Maven_Scripts.Dropdown_Options@4b741d6d]" started-at="2024-01-07T12:12:35 IST" name="launch_browser" finished-at="2024-01-07T12:12:41 IST" duration-ms="5612" status="PASS">
          <reporter-output>
          </reporter-output>
        </test-method> <!-- launch_browser -->
        <test-method signature="dropdown()[pri:0, instance:Maven_Scripts.Dropdown_Options@4b741d6d]" started-at="2024-01-07T12:12:41 IST" name="dropdown" finished-at="2024-01-07T12:12:45 IST" duration-ms="4008" status="PASS">
          <reporter-output>
          </reporter-output>
        </test-method> <!-- dropdown -->
        <test-method is-config="true" signature="close_browser()[pri:0, instance:Maven_Scripts.Dropdown_Options@4b741d6d]" started-at="2024-01-07T12:12:45 IST" name="close_browser" finished-at="2024-01-07T12:12:45 IST" duration-ms="84" status="PASS">
          <reporter-output>
          </reporter-output>
        </test-method> <!-- close_browser -->
      </class> <!-- Maven_Scripts.Dropdown_Options -->
    </test> <!-- Test -->
  </suite> <!-- Suite -->
  <suite started-at="2024-01-07T12:12:45 IST" name="Suite (0)" finished-at="2024-01-07T12:13:04 IST" duration-ms="19126">
    <groups>
    </groups>
    <test started-at="2024-01-07T12:12:45 IST" name="Test" finished-at="2024-01-07T12:13:04 IST" duration-ms="19126">
      <class name="Maven_Scripts.Scroll_UpDown">
        <test-method is-config="true" signature="launch_browser()[pri:0, instance:Maven_Scripts.Scroll_UpDown@2d901eb0]" started-at="2024-01-07T12:12:45 IST" name="launch_browser" finished-at="2024-01-07T12:12:46 IST" duration-ms="1360" status="PASS">
          <reporter-output>
          </reporter-output>
        </test-method> <!-- launch_browser -->
        <test-method signature="scroll_page()[pri:0, instance:Maven_Scripts.Scroll_UpDown@2d901eb0]" started-at="2024-01-07T12:12:46 IST" name="scroll_page" finished-at="2024-01-07T12:13:04 IST" duration-ms="17668" status="PASS">
          <reporter-output>
          </reporter-output>
        </test-method> <!-- scroll_page -->
        <test-method is-config="true" signature="close_browser()[pri:0, instance:Maven_Scripts.Scroll_UpDown@2d901eb0]" started-at="2024-01-07T12:13:04 IST" name="close_browser" finished-at="2024-01-07T12:13:04 IST" duration-ms="94" status="PASS">
          <reporter-output>
          </reporter-output>
        </test-method> <!-- close_browser -->
      </class> <!-- Maven_Scripts.Scroll_UpDown -->
    </test> <!-- Test -->
  </suite> <!-- Suite (0) -->
  <suite started-at="2024-01-07T12:13:04 IST" name="Master_Suite" finished-at="2024-01-07T12:13:04 IST" duration-ms="0">
    <groups>
    </groups>
  </suite> <!-- Master_Suite -->
</testng-results>
