<?xml version="1.0" encoding="UTF-8"?>
<testng-results ignored="0" total="2" passed="2" failed="0" skipped="0">
  <reporter-output>
  </reporter-output>
  <suite started-at="2024-01-05T11:42:01 IST" name="Suite" finished-at="2024-01-05T11:42:33 IST" duration-ms="32266">
    <groups>
    </groups>
    <test started-at="2024-01-05T11:42:01 IST" name="Test" finished-at="2024-01-05T11:42:33 IST" duration-ms="32266">
      <class name="Maven_Scripts.Scroll_UpDown">
        <test-method is-config="true" signature="launch_browser()[pri:0, instance:Maven_Scripts.Scroll_UpDown@61fe30]" started-at="2024-01-05T11:42:06 IST" name="launch_browser" finished-at="2024-01-05T11:42:07 IST" duration-ms="1540" status="PASS">
          <reporter-output>
          </reporter-output>
        </test-method> <!-- launch_browser -->
        <test-method signature="scroll_page()[pri:0, instance:Maven_Scripts.Scroll_UpDown@61fe30]" started-at="2024-01-05T11:42:15 IST" name="scroll_page" finished-at="2024-01-05T11:42:33 IST" duration-ms="17365" status="PASS">
          <reporter-output>
          </reporter-output>
        </test-method> <!-- scroll_page -->
        <test-method is-config="true" signature="close_browser()[pri:0, instance:Maven_Scripts.Scroll_UpDown@61fe30]" started-at="2024-01-05T11:42:33 IST" name="close_browser" finished-at="2024-01-05T11:42:33 IST" duration-ms="227" status="PASS">
          <reporter-output>
          </reporter-output>
        </test-method> <!-- close_browser -->
      </class> <!-- Maven_Scripts.Scroll_UpDown -->
      <class name="Maven_Scripts.Dropdown_Options">
        <test-method is-config="true" signature="launch_browser()[pri:0, instance:Maven_Scripts.Dropdown_Options@5ddf0d24]" started-at="2024-01-05T11:42:01 IST" name="launch_browser" finished-at="2024-01-05T11:42:06 IST" duration-ms="5232" status="PASS">
          <reporter-output>
          </reporter-output>
        </test-method> <!-- launch_browser -->
        <test-method signature="dropdown()[pri:0, instance:Maven_Scripts.Dropdown_Options@5ddf0d24]" started-at="2024-01-05T11:42:07 IST" name="dropdown" finished-at="2024-01-05T11:42:15 IST" duration-ms="7584" status="PASS">
          <reporter-output>
          </reporter-output>
        </test-method> <!-- dropdown -->
        <test-method is-config="true" signature="close_browser()[pri:0, instance:Maven_Scripts.Dropdown_Options@5ddf0d24]" started-at="2024-01-05T11:42:33 IST" name="close_browser" finished-at="2024-01-05T11:42:33 IST" duration-ms="128" status="PASS">
          <reporter-output>
          </reporter-output>
        </test-method> <!-- close_browser -->
      </class> <!-- Maven_Scripts.Dropdown_Options -->
    </test> <!-- Test -->
  </suite> <!-- Suite -->
</testng-results>
